2024-02-13 20:00:19,994 INFO c.m.b.Log [main] BaseClass - setupDriver() initiated
2024-02-13 20:00:19,999 INFO c.m.b.Log [main] BaseClass - loadProperties() initiated
2024-02-13 20:00:27,721 INFO c.m.b.Log [main] BaseClass - setupDriver() initiated
2024-02-13 20:00:27,721 INFO c.m.b.Log [main] BaseClass - loadProperties() initiated
2024-02-13 20:02:18,911 INFO c.m.b.Log [main] BaseClass - setupDriver() initiated
2024-02-13 20:02:18,916 INFO c.m.b.Log [main] BaseClass - loadProperties() initiated
2024-02-13 20:02:26,173 INFO c.m.b.Log [main] BaseClass - setupDriver() initiated
2024-02-13 20:02:26,174 INFO c.m.b.Log [main] BaseClass - loadProperties() initiated
2024-02-13 20:16:40,251 INFO c.m.b.Log [TestNG-tests-3] BaseClass - setupDriver() initiated
2024-02-13 20:16:40,251 INFO c.m.b.Log [TestNG-tests-2] BaseClass - setupDriver() initiated
2024-02-13 20:16:40,251 INFO c.m.b.Log [TestNG-tests-1] BaseClass - setupDriver() initiated
2024-02-13 20:16:40,257 INFO c.m.b.Log [TestNG-tests-3] BaseClass - loadProperties() initiated
2024-02-13 20:16:40,257 INFO c.m.b.Log [TestNG-tests-2] BaseClass - loadProperties() initiated
2024-02-13 20:16:40,257 INFO c.m.b.Log [TestNG-tests-1] BaseClass - loadProperties() initiated
2024-02-13 21:18:19,862 INFO c.m.b.Log [main] BaseClass - setupDriver() initiated
2024-02-13 21:18:19,865 INFO c.m.b.Log [main] BaseClass - loadProperties() initiated
2024-02-13 21:18:29,943 INFO c.m.b.Log [main] BaseClass - setupDriver() initiated
2024-02-13 21:18:29,943 INFO c.m.b.Log [main] BaseClass - loadProperties() initiated
2024-02-13 21:18:41,465 INFO c.m.b.Log [main] BaseClass - setupDriver() initiated
2024-02-13 21:18:41,465 INFO c.m.b.Log [main] BaseClass - loadProperties() initiated
2024-02-13 21:18:47,548 INFO c.m.b.Log [main] BaseClass - setupDriver() initiated
2024-02-13 21:18:47,548 INFO c.m.b.Log [main] BaseClass - loadProperties() initiated
2024-02-13 21:20:03,821 INFO c.m.b.Log [main] BaseClass - setupDriver() initiated
2024-02-13 21:20:03,826 INFO c.m.b.Log [main] BaseClass - loadProperties() initiated
2024-02-13 21:20:10,258 INFO c.m.b.Log [main] BaseClass - setupDriver() initiated
2024-02-13 21:20:10,258 INFO c.m.b.Log [main] BaseClass - loadProperties() initiated
2024-02-13 21:20:20,784 INFO c.m.b.Log [main] BaseClass - setupDriver() initiated
2024-02-13 21:20:20,784 INFO c.m.b.Log [main] BaseClass - loadProperties() initiated
2024-02-13 21:20:25,665 INFO c.m.b.Log [main] BaseClass - setupDriver() initiated
2024-02-13 21:20:25,666 INFO c.m.b.Log [main] BaseClass - loadProperties() initiated
2024-02-13 21:22:37,336 INFO c.m.b.Log [main] BaseClass - setupDriver() initiated
2024-02-13 21:22:37,339 INFO c.m.b.Log [main] BaseClass - loadProperties() initiated
2024-02-13 21:22:46,670 INFO c.m.b.Log [main] BaseClass - setupDriver() initiated
2024-02-13 21:22:46,670 INFO c.m.b.Log [main] BaseClass - loadProperties() initiated
2024-02-13 21:23:18,211 INFO c.m.b.Log [main] BaseClass - setupDriver() initiated
2024-02-13 21:23:18,215 INFO c.m.b.Log [main] BaseClass - loadProperties() initiated
2024-02-13 21:23:25,363 INFO c.m.b.Log [main] BaseClass - setupDriver() initiated
2024-02-13 21:23:25,363 INFO c.m.b.Log [main] BaseClass - loadProperties() initiated
2024-02-13 21:23:36,574 INFO c.m.b.Log [main] BaseClass - setupDriver() initiated
2024-02-13 21:23:36,574 INFO c.m.b.Log [main] BaseClass - loadProperties() initiated
2024-02-13 21:23:45,393 INFO c.m.b.Log [main] BaseClass - setupDriver() initiated
2024-02-13 21:23:45,394 INFO c.m.b.Log [main] BaseClass - loadProperties() initiated
2024-02-13 21:24:59,822 INFO c.m.b.Log [TestNG-test=Chrome-Test-2] BaseClass - setupDriver() initiated
2024-02-13 21:24:59,822 INFO c.m.b.Log [TestNG-test=Chrome-Test-1] BaseClass - setupDriver() initiated
2024-02-13 21:24:59,827 INFO c.m.b.Log [TestNG-test=Chrome-Test-2] BaseClass - loadProperties() initiated
2024-02-13 21:24:59,827 INFO c.m.b.Log [TestNG-test=Chrome-Test-1] BaseClass - loadProperties() initiated
2024-02-13 21:25:13,183 INFO c.m.b.Log [TestNG-test=Firefox-Test-2] BaseClass - setupDriver() initiated
2024-02-13 21:25:13,184 INFO c.m.b.Log [TestNG-test=Firefox-Test-2] BaseClass - loadProperties() initiated
2024-02-13 21:25:13,185 INFO c.m.b.Log [TestNG-test=Firefox-Test-1] BaseClass - setupDriver() initiated
2024-02-13 21:25:13,186 INFO c.m.b.Log [TestNG-test=Firefox-Test-1] BaseClass - loadProperties() initiated
2024-02-13 21:25:50,366 INFO c.m.b.Log [TestNG-tests-2] BaseClass - setupDriver() initiated
2024-02-13 21:25:50,366 INFO c.m.b.Log [TestNG-tests-1] BaseClass - setupDriver() initiated
2024-02-13 21:25:50,371 INFO c.m.b.Log [TestNG-tests-1] BaseClass - loadProperties() initiated
2024-02-13 21:25:50,371 INFO c.m.b.Log [TestNG-tests-2] BaseClass - loadProperties() initiated
2024-02-13 21:25:57,760 INFO c.m.b.Log [TestNG-tests-1] BaseClass - setupDriver() initiated
2024-02-13 21:25:57,760 INFO c.m.b.Log [TestNG-tests-1] BaseClass - loadProperties() initiated
2024-02-13 21:25:59,705 INFO c.m.b.Log [TestNG-tests-2] BaseClass - setupDriver() initiated
2024-02-13 21:25:59,705 INFO c.m.b.Log [TestNG-tests-2] BaseClass - loadProperties() initiated
2024-02-13 21:29:03,905 INFO c.m.b.Log [TestNG-tests-2] BaseClass - setupDriver() initiated
2024-02-13 21:29:03,905 INFO c.m.b.Log [TestNG-tests-1] BaseClass - setupDriver() initiated
2024-02-13 21:29:03,913 INFO c.m.b.Log [TestNG-tests-2] BaseClass - loadProperties() initiated
2024-02-13 21:29:03,913 INFO c.m.b.Log [TestNG-tests-1] BaseClass - loadProperties() initiated
2024-02-13 21:29:11,598 INFO c.m.b.Log [TestNG-tests-1] BaseClass - setupDriver() initiated
2024-02-13 21:29:11,598 INFO c.m.b.Log [TestNG-tests-1] BaseClass - loadProperties() initiated
2024-02-13 21:29:14,467 INFO c.m.b.Log [TestNG-tests-2] BaseClass - setupDriver() initiated
2024-02-13 21:29:14,467 INFO c.m.b.Log [TestNG-tests-2] BaseClass - loadProperties() initiated
2024-02-13 21:31:47,676 INFO c.m.b.Log [TestNG-test=Chrome-Test-2] BaseClass - setupDriver() initiated
2024-02-13 21:31:47,676 INFO c.m.b.Log [TestNG-test=Chrome-Test-1] BaseClass - setupDriver() initiated
2024-02-13 21:31:47,685 INFO c.m.b.Log [TestNG-test=Chrome-Test-1] BaseClass - loadProperties() initiated
2024-02-13 21:31:47,685 INFO c.m.b.Log [TestNG-test=Chrome-Test-2] BaseClass - loadProperties() initiated
2024-02-13 21:32:02,645 INFO c.m.b.Log [TestNG-test=Firefox-Test-1] BaseClass - setupDriver() initiated
2024-02-13 21:32:02,645 INFO c.m.b.Log [TestNG-test=Firefox-Test-2] BaseClass - setupDriver() initiated
2024-02-13 21:32:02,646 INFO c.m.b.Log [TestNG-test=Firefox-Test-1] BaseClass - loadProperties() initiated
2024-02-13 21:32:02,646 INFO c.m.b.Log [TestNG-test=Firefox-Test-2] BaseClass - loadProperties() initiated
2024-02-13 21:35:17,282 INFO c.m.b.Log [TestNG-test=Chrome-Test-2] BaseClass - setupDriver() initiated
2024-02-13 21:35:17,282 INFO c.m.b.Log [TestNG-test=Chrome-Test-1] BaseClass - setupDriver() initiated
2024-02-13 21:35:17,290 INFO c.m.b.Log [TestNG-test=Chrome-Test-1] BaseClass - loadProperties() initiated
2024-02-13 21:35:17,290 INFO c.m.b.Log [TestNG-test=Chrome-Test-2] BaseClass - loadProperties() initiated
2024-02-13 21:35:33,759 INFO c.m.b.Log [TestNG-test=Firefox-Test-1] BaseClass - setupDriver() initiated
2024-02-13 21:35:33,759 INFO c.m.b.Log [TestNG-test=Firefox-Test-2] BaseClass - setupDriver() initiated
2024-02-13 21:35:33,759 INFO c.m.b.Log [TestNG-test=Firefox-Test-1] BaseClass - loadProperties() initiated
2024-02-13 21:35:33,760 INFO c.m.b.Log [TestNG-test=Firefox-Test-2] BaseClass - loadProperties() initiated
2024-02-13 21:36:11,744 INFO c.m.b.Log [TestNG-test=Chrome-Test-1] BaseClass - setupDriver() initiated
2024-02-13 21:36:11,744 INFO c.m.b.Log [TestNG-test=Chrome-Test-2] BaseClass - setupDriver() initiated
2024-02-13 21:36:11,750 INFO c.m.b.Log [TestNG-test=Chrome-Test-2] BaseClass - loadProperties() initiated
2024-02-13 21:36:11,750 INFO c.m.b.Log [TestNG-test=Chrome-Test-1] BaseClass - loadProperties() initiated
2024-02-13 21:36:27,934 INFO c.m.b.Log [TestNG-test=Firefox-Test-2] BaseClass - setupDriver() initiated
2024-02-13 21:36:27,935 INFO c.m.b.Log [TestNG-test=Firefox-Test-2] BaseClass - loadProperties() initiated
2024-02-13 21:36:27,936 INFO c.m.b.Log [TestNG-test=Firefox-Test-1] BaseClass - setupDriver() initiated
2024-02-13 21:36:27,937 INFO c.m.b.Log [TestNG-test=Firefox-Test-1] BaseClass - loadProperties() initiated
2024-02-13 21:37:00,848 INFO c.m.b.Log [TestNG-test=Chrome-Test-1] BaseClass - setupDriver() initiated
2024-02-13 21:37:00,848 INFO c.m.b.Log [TestNG-test=Chrome-Test-2] BaseClass - setupDriver() initiated
2024-02-13 21:37:00,853 INFO c.m.b.Log [TestNG-test=Chrome-Test-2] BaseClass - loadProperties() initiated
2024-02-13 21:37:00,853 INFO c.m.b.Log [TestNG-test=Chrome-Test-1] BaseClass - loadProperties() initiated
2024-02-13 21:37:17,398 INFO c.m.b.Log [TestNG-test=Firefox-Test-1] BaseClass - setupDriver() initiated
2024-02-13 21:37:17,399 INFO c.m.b.Log [TestNG-test=Firefox-Test-1] BaseClass - loadProperties() initiated
2024-02-13 21:37:17,398 INFO c.m.b.Log [TestNG-test=Firefox-Test-2] BaseClass - setupDriver() initiated
2024-02-13 21:37:17,399 INFO c.m.b.Log [TestNG-test=Firefox-Test-2] BaseClass - loadProperties() initiated
2024-02-13 21:38:45,084 INFO c.m.b.Log [TestNG-test=Chrome-Test-2] BaseClass - setupDriver() initiated
2024-02-13 21:38:45,084 INFO c.m.b.Log [TestNG-test=Chrome-Test-1] BaseClass - setupDriver() initiated
2024-02-13 21:38:45,084 INFO c.m.b.Log [TestNG-test=Chrome-Test-3] BaseClass - setupDriver() initiated
2024-02-13 21:38:45,090 INFO c.m.b.Log [TestNG-test=Chrome-Test-2] BaseClass - loadProperties() initiated
2024-02-13 21:38:45,090 INFO c.m.b.Log [TestNG-test=Chrome-Test-1] BaseClass - loadProperties() initiated
2024-02-13 21:38:45,090 INFO c.m.b.Log [TestNG-test=Chrome-Test-3] BaseClass - loadProperties() initiated
2024-02-13 21:39:03,841 INFO c.m.b.Log [TestNG-test=Firefox-Test-2] BaseClass - setupDriver() initiated
2024-02-13 21:39:03,840 INFO c.m.b.Log [TestNG-test=Firefox-Test-1] BaseClass - setupDriver() initiated
2024-02-13 21:39:03,841 INFO c.m.b.Log [TestNG-test=Firefox-Test-2] BaseClass - loadProperties() initiated
2024-02-13 21:39:03,841 INFO c.m.b.Log [TestNG-test=Firefox-Test-3] BaseClass - setupDriver() initiated
2024-02-13 21:39:03,841 INFO c.m.b.Log [TestNG-test=Firefox-Test-1] BaseClass - loadProperties() initiated
2024-02-13 21:39:03,842 INFO c.m.b.Log [TestNG-test=Firefox-Test-3] BaseClass - loadProperties() initiated
2024-02-13 21:41:58,419 INFO c.m.b.Log [TestNG-test=Chrome-Test-1] BaseClass - setupDriver() initiated
2024-02-13 21:41:58,419 INFO c.m.b.Log [TestNG-test=Chrome-Test-2] BaseClass - setupDriver() initiated
2024-02-13 21:41:58,419 INFO c.m.b.Log [TestNG-test=Chrome-Test-3] BaseClass - setupDriver() initiated
2024-02-13 21:41:58,424 INFO c.m.b.Log [TestNG-test=Chrome-Test-1] BaseClass - loadProperties() initiated
2024-02-13 21:41:58,424 INFO c.m.b.Log [TestNG-test=Chrome-Test-3] BaseClass - loadProperties() initiated
2024-02-13 21:41:58,424 INFO c.m.b.Log [TestNG-test=Chrome-Test-2] BaseClass - loadProperties() initiated
2024-02-13 21:42:16,977 INFO c.m.b.Log [TestNG-test=Firefox-Test-1] BaseClass - setupDriver() initiated
2024-02-13 21:42:16,977 INFO c.m.b.Log [TestNG-test=Firefox-Test-2] BaseClass - setupDriver() initiated
2024-02-13 21:42:16,977 INFO c.m.b.Log [TestNG-test=Firefox-Test-1] BaseClass - loadProperties() initiated
2024-02-13 21:42:16,977 INFO c.m.b.Log [TestNG-test=Firefox-Test-2] BaseClass - loadProperties() initiated
2024-02-13 21:42:16,977 INFO c.m.b.Log [TestNG-test=Firefox-Test-3] BaseClass - setupDriver() initiated
2024-02-13 21:42:16,979 INFO c.m.b.Log [TestNG-test=Firefox-Test-3] BaseClass - loadProperties() initiated
2024-02-13 21:42:32,344 ERROR c.m.b.Log [TestNG-test=Firefox-Test-2] Got Exception:Origin element <a class="sf-with-ul" href="http://www.automationpractice.pl/index.php?id_category=8&controller=category"> is not displayed
Build info: version: '4.17.0', revision: 'e52b1be057*'
System info: os.name: 'Windows 11', os.arch: 'amd64', os.version: '10.0', java.version: '11.0.16'
Driver info: org.openqa.selenium.firefox.FirefoxDriver
Command: [12d2d03a-cf03-4e79-a6a7-f4c7169580b9, actions {actions=[org.openqa.selenium.interactions.Sequence@37c1f42f]}]
Capabilities {acceptInsecureCerts: true, browserName: firefox, browserVersion: 122.0, moz:accessibilityChecks: false, moz:buildID: 20240118164516, moz:debuggerAddress: 127.0.0.1:23164, moz:geckodriverVersion: 0.34.0, moz:headless: false, moz:platformVersion: 10.0, moz:processID: 43924, moz:profile: C:\Users\Shrikant\AppData\L..., moz:shutdownTimeout: 60000, moz:webdriverClick: true, moz:windowless: false, pageLoadStrategy: normal, platformName: windows, proxy: Proxy(), se:cdp: ws://127.0.0.1:23164/devtoo..., se:cdpVersion: 85.0, setWindowRect: true, strictFileInteractability: false, timeouts: {implicit: 0, pageLoad: 300000, script: 30000}, unhandledPromptBehavior: dismiss and notify}
Session ID: 12d2d03a-cf03-4e79-a6a7-f4c7169580b9
2024-02-13 21:46:58,182 INFO c.m.b.Log [TestNG-test=Firefox-Test-1] BaseClass - setupDriver() initiated
2024-02-13 21:46:58,187 INFO c.m.b.Log [TestNG-test=Firefox-Test-1] BaseClass - loadProperties() initiated
2024-02-13 21:47:08,510 ERROR c.m.b.Log [TestNG-test=Firefox-Test-1] Got Exception:Origin element <a class="sf-with-ul" href="http://www.automationpractice.pl/index.php?id_category=8&controller=category"> is not displayed
Build info: version: '4.17.0', revision: 'e52b1be057*'
System info: os.name: 'Windows 11', os.arch: 'amd64', os.version: '10.0', java.version: '11.0.16'
Driver info: org.openqa.selenium.firefox.FirefoxDriver
Command: [12f8e92c-03cf-4e5a-926e-8cd9e9c87771, actions {actions=[org.openqa.selenium.interactions.Sequence@3fd2b010]}]
Capabilities {acceptInsecureCerts: true, browserName: firefox, browserVersion: 122.0, moz:accessibilityChecks: false, moz:buildID: 20240118164516, moz:debuggerAddress: 127.0.0.1:15110, moz:geckodriverVersion: 0.34.0, moz:headless: false, moz:platformVersion: 10.0, moz:processID: 12620, moz:profile: C:\Users\Shrikant\AppData\L..., moz:shutdownTimeout: 60000, moz:webdriverClick: true, moz:windowless: false, pageLoadStrategy: normal, platformName: windows, proxy: Proxy(), se:cdp: ws://127.0.0.1:15110/devtoo..., se:cdpVersion: 85.0, setWindowRect: true, strictFileInteractability: false, timeouts: {implicit: 0, pageLoad: 300000, script: 30000}, unhandledPromptBehavior: dismiss and notify}
Session ID: 12f8e92c-03cf-4e5a-926e-8cd9e9c87771
2024-02-13 21:54:39,857 INFO c.m.b.Log [main] BaseClass - setupDriver() initiated
2024-02-13 21:54:39,863 INFO c.m.b.Log [main] BaseClass - loadProperties() initiated
2024-02-13 21:54:50,968 ERROR c.m.b.Log [main] Got Exception:Origin element <a class="sf-with-ul" href="http://www.automationpractice.pl/index.php?id_category=8&controller=category"> is not displayed
Build info: version: '4.17.0', revision: 'e52b1be057*'
System info: os.name: 'Windows 11', os.arch: 'amd64', os.version: '10.0', java.version: '11.0.16'
Driver info: org.openqa.selenium.firefox.FirefoxDriver
Command: [7f08e26e-b860-492b-a59c-0c0e9a37e03f, actions {actions=[org.openqa.selenium.interactions.Sequence@3ed0918d]}]
Capabilities {acceptInsecureCerts: true, browserName: firefox, browserVersion: 122.0, moz:accessibilityChecks: false, moz:buildID: 20240118164516, moz:debuggerAddress: 127.0.0.1:37251, moz:geckodriverVersion: 0.34.0, moz:headless: false, moz:platformVersion: 10.0, moz:processID: 21236, moz:profile: C:\Users\Shrikant\AppData\L..., moz:shutdownTimeout: 60000, moz:webdriverClick: true, moz:windowless: false, pageLoadStrategy: normal, platformName: windows, proxy: Proxy(), se:cdp: ws://127.0.0.1:37251/devtoo..., se:cdpVersion: 85.0, setWindowRect: true, strictFileInteractability: false, timeouts: {implicit: 0, pageLoad: 300000, script: 30000}, unhandledPromptBehavior: dismiss and notify}
Session ID: 7f08e26e-b860-492b-a59c-0c0e9a37e03f
2024-02-13 22:16:11,836 INFO c.m.b.Log [main] BaseClass - setupDriver() initiated
2024-02-13 22:16:11,839 INFO c.m.b.Log [main] BaseClass - loadProperties() initiated
2024-02-13 22:16:25,074 ERROR c.m.b.Log [main] Got Exception:Origin element <a class="sf-with-ul" href="http://www.automationpractice.pl/index.php?id_category=8&controller=category"> is not displayed
Build info: version: '4.17.0', revision: 'e52b1be057*'
System info: os.name: 'Windows 11', os.arch: 'amd64', os.version: '10.0', java.version: '11.0.16'
Driver info: org.openqa.selenium.firefox.FirefoxDriver
Command: [1c854092-c042-4ac2-9494-08405ddbcccc, actions {actions=[org.openqa.selenium.interactions.Sequence@2c306a57]}]
Capabilities {acceptInsecureCerts: true, browserName: firefox, browserVersion: 122.0, moz:accessibilityChecks: false, moz:buildID: 20240118164516, moz:debuggerAddress: 127.0.0.1:4206, moz:geckodriverVersion: 0.34.0, moz:headless: false, moz:platformVersion: 10.0, moz:processID: 16876, moz:profile: C:\Users\Shrikant\AppData\L..., moz:shutdownTimeout: 60000, moz:webdriverClick: true, moz:windowless: false, pageLoadStrategy: normal, platformName: windows, proxy: Proxy(), se:cdp: ws://127.0.0.1:4206/devtool..., se:cdpVersion: 85.0, setWindowRect: true, strictFileInteractability: false, timeouts: {implicit: 0, pageLoad: 300000, script: 30000}, unhandledPromptBehavior: dismiss and notify}
Session ID: 1c854092-c042-4ac2-9494-08405ddbcccc
2024-02-13 22:23:00,685 INFO c.m.b.Log [main] BaseClass - setupDriver() initiated
2024-02-13 22:23:00,689 INFO c.m.b.Log [main] BaseClass - loadProperties() initiated
2024-02-13 22:23:11,764 ERROR c.m.b.Log [main] Got Exception:Origin element <a class="sf-with-ul" href="http://www.automationpractice.pl/index.php?id_category=8&controller=category"> is not displayed
2024-02-13 22:27:59,701 INFO c.m.b.Log [main] BaseClass - setupDriver() initiated
2024-02-13 22:27:59,707 INFO c.m.b.Log [main] BaseClass - loadProperties() initiated
2024-02-13 22:28:11,667 ERROR c.m.b.Log [main] Got Exception:org.openqa.selenium.interactions.MoveTargetOutOfBoundsException: Origin element <a class="sf-with-ul" href="http://www.automationpractice.pl/index.php?id_category=8&controller=category"> is not displayed
Build info: version: '4.17.0', revision: 'e52b1be057*'
System info: os.name: 'Windows 11', os.arch: 'amd64', os.version: '10.0', java.version: '11.0.16'
Driver info: org.openqa.selenium.firefox.FirefoxDriver
Command: [6ff7d4b3-f677-454e-b5f2-7c8c71380d03, actions {actions=[org.openqa.selenium.interactions.Sequence@5b12012e]}]
Capabilities {acceptInsecureCerts: true, browserName: firefox, browserVersion: 122.0, moz:accessibilityChecks: false, moz:buildID: 20240118164516, moz:debuggerAddress: 127.0.0.1:28030, moz:geckodriverVersion: 0.34.0, moz:headless: false, moz:platformVersion: 10.0, moz:processID: 45608, moz:profile: C:\Users\Shrikant\AppData\L..., moz:shutdownTimeout: 60000, moz:webdriverClick: true, moz:windowless: false, pageLoadStrategy: normal, platformName: windows, proxy: Proxy(), se:cdp: ws://127.0.0.1:28030/devtoo..., se:cdpVersion: 85.0, setWindowRect: true, strictFileInteractability: false, timeouts: {implicit: 0, pageLoad: 300000, script: 30000}, unhandledPromptBehavior: dismiss and notify}
Session ID: 6ff7d4b3-f677-454e-b5f2-7c8c71380d03
2024-02-13 22:36:56,264 INFO c.m.b.Log [main] BaseClass - setupDriver() initiated
2024-02-13 22:36:56,269 INFO c.m.b.Log [main] BaseClass - loadProperties() initiated
2024-02-13 22:37:08,063 ERROR c.m.b.Log [main] Util - hoverOn(): Got Exception:
org.openqa.selenium.interactions.MoveTargetOutOfBoundsException: Origin element <a class="sf-with-ul" href="http://www.automationpractice.pl/index.php?id_category=8&controller=category"> is not displayed
Build info: version: '4.17.0', revision: 'e52b1be057*'
System info: os.name: 'Windows 11', os.arch: 'amd64', os.version: '10.0', java.version: '11.0.16'
Driver info: org.openqa.selenium.firefox.FirefoxDriver
Command: [38ea24bb-77a2-4a88-8303-4f2d1c5c83d5, actions {actions=[org.openqa.selenium.interactions.Sequence@4349754]}]
Capabilities {acceptInsecureCerts: true, browserName: firefox, browserVersion: 122.0, moz:accessibilityChecks: false, moz:buildID: 20240118164516, moz:debuggerAddress: 127.0.0.1:3754, moz:geckodriverVersion: 0.34.0, moz:headless: false, moz:platformVersion: 10.0, moz:processID: 21284, moz:profile: C:\Users\Shrikant\AppData\L..., moz:shutdownTimeout: 60000, moz:webdriverClick: true, moz:windowless: false, pageLoadStrategy: normal, platformName: windows, proxy: Proxy(), se:cdp: ws://127.0.0.1:3754/devtool..., se:cdpVersion: 85.0, setWindowRect: true, strictFileInteractability: false, timeouts: {implicit: 0, pageLoad: 300000, script: 30000}, unhandledPromptBehavior: dismiss and notify}
Session ID: 38ea24bb-77a2-4a88-8303-4f2d1c5c83d5
	at java.base/jdk.internal.reflect.NativeConstructorAccessorImpl.newInstance0(Native Method) ~[?:?]
	at java.base/jdk.internal.reflect.NativeConstructorAccessorImpl.newInstance(NativeConstructorAccessorImpl.java:62) ~[?:?]
	at java.base/jdk.internal.reflect.DelegatingConstructorAccessorImpl.newInstance(DelegatingConstructorAccessorImpl.java:45) ~[?:?]
	at java.base/java.lang.reflect.Constructor.newInstance(Constructor.java:490) ~[?:?]
	at org.openqa.selenium.remote.codec.w3c.W3CHttpResponseCodec.createException(W3CHttpResponseCodec.java:185) ~[selenium-remote-driver-4.17.0.jar:?]
	at org.openqa.selenium.remote.codec.w3c.W3CHttpResponseCodec.decode(W3CHttpResponseCodec.java:134) ~[selenium-remote-driver-4.17.0.jar:?]
	at org.openqa.selenium.remote.codec.w3c.W3CHttpResponseCodec.decode(W3CHttpResponseCodec.java:51) ~[selenium-remote-driver-4.17.0.jar:?]
	at org.openqa.selenium.remote.HttpCommandExecutor.execute(HttpCommandExecutor.java:190) ~[selenium-remote-driver-4.17.0.jar:?]
	at org.openqa.selenium.remote.service.DriverCommandExecutor.invokeExecute(DriverCommandExecutor.java:216) ~[selenium-remote-driver-4.17.0.jar:?]
	at org.openqa.selenium.remote.service.DriverCommandExecutor.execute(DriverCommandExecutor.java:174) ~[selenium-remote-driver-4.17.0.jar:?]
	at org.openqa.selenium.remote.RemoteWebDriver.execute(RemoteWebDriver.java:519) ~[selenium-remote-driver-4.17.0.jar:?]
	at org.openqa.selenium.remote.RemoteWebDriver.perform(RemoteWebDriver.java:605) ~[selenium-remote-driver-4.17.0.jar:?]
	at org.openqa.selenium.interactions.Actions$BuiltAction.perform(Actions.java:603) ~[selenium-api-4.17.0.jar:?]
	at com.myframework.utitlies.Util.hoverOn(Util.java:88) ~[classes/:?]
	at com.myframework.pages.HomePage.hoverOnMenuAndSelectMenu(HomePage.java:126) ~[classes/:?]
	at com.myframework.testcases.product.verifySortByOnProduct.hoverOnMenuAndSelectMenu(verifySortByOnProduct.java:39) ~[test-classes/:?]
	at java.base/jdk.internal.reflect.NativeMethodAccessorImpl.invoke0(Native Method) ~[?:?]
	at java.base/jdk.internal.reflect.NativeMethodAccessorImpl.invoke(NativeMethodAccessorImpl.java:62) ~[?:?]
	at java.base/jdk.internal.reflect.DelegatingMethodAccessorImpl.invoke(DelegatingMethodAccessorImpl.java:43) ~[?:?]
	at java.base/java.lang.reflect.Method.invoke(Method.java:566) ~[?:?]
	at org.testng.internal.MethodInvocationHelper.invokeMethod(MethodInvocationHelper.java:132) ~[testng-7.3.0.jar:?]
	at org.testng.internal.TestInvoker.invokeMethod(TestInvoker.java:599) ~[testng-7.3.0.jar:?]
	at org.testng.internal.TestInvoker.invokeTestMethod(TestInvoker.java:174) ~[testng-7.3.0.jar:?]
	at org.testng.internal.MethodRunner.runInSequence(MethodRunner.java:46) ~[testng-7.3.0.jar:?]
	at org.testng.internal.TestInvoker$MethodInvocationAgent.invoke(TestInvoker.java:822) ~[testng-7.3.0.jar:?]
	at org.testng.internal.TestInvoker.invokeTestMethods(TestInvoker.java:147) ~[testng-7.3.0.jar:?]
	at org.testng.internal.TestMethodWorker.invokeTestMethods(TestMethodWorker.java:146) ~[testng-7.3.0.jar:?]
	at org.testng.internal.TestMethodWorker.run(TestMethodWorker.java:128) ~[testng-7.3.0.jar:?]
	at java.base/java.util.ArrayList.forEach(ArrayList.java:1541) [?:?]
	at org.testng.TestRunner.privateRun(TestRunner.java:764) [testng-7.3.0.jar:?]
	at org.testng.TestRunner.run(TestRunner.java:585) [testng-7.3.0.jar:?]
	at org.testng.SuiteRunner.runTest(SuiteRunner.java:384) [testng-7.3.0.jar:?]
	at org.testng.SuiteRunner.runSequentially(SuiteRunner.java:378) [testng-7.3.0.jar:?]
	at org.testng.SuiteRunner.privateRun(SuiteRunner.java:337) [testng-7.3.0.jar:?]
	at org.testng.SuiteRunner.run(SuiteRunner.java:286) [testng-7.3.0.jar:?]
	at org.testng.SuiteRunnerWorker.runSuite(SuiteRunnerWorker.java:53) [testng-7.3.0.jar:?]
	at org.testng.SuiteRunnerWorker.run(SuiteRunnerWorker.java:96) [testng-7.3.0.jar:?]
	at org.testng.TestNG.runSuitesSequentially(TestNG.java:1218) [testng-7.3.0.jar:?]
	at org.testng.TestNG.runSuitesLocally(TestNG.java:1140) [testng-7.3.0.jar:?]
	at org.testng.TestNG.runSuites(TestNG.java:1069) [testng-7.3.0.jar:?]
	at org.testng.TestNG.run(TestNG.java:1037) [testng-7.3.0.jar:?]
	at com.intellij.rt.testng.IDEARemoteTestNG.run(IDEARemoteTestNG.java:66) [testng-rt.jar:?]
	at com.intellij.rt.testng.RemoteTestNGStarter.main(RemoteTestNGStarter.java:109) [testng-rt.jar:?]
2024-02-13 22:47:19,660 INFO c.m.b.Log [main] BaseClass - setupDriver() initiated
2024-02-13 22:47:19,665 INFO c.m.b.Log [main] BaseClass - loadProperties() initiated
2024-02-13 22:47:32,983 ERROR c.m.b.Log [main] Util - hoverOn(): Got Exception:
org.openqa.selenium.interactions.MoveTargetOutOfBoundsException: Origin element <li> is not displayed
Build info: version: '4.17.0', revision: 'e52b1be057*'
System info: os.name: 'Windows 11', os.arch: 'amd64', os.version: '10.0', java.version: '11.0.16'
Driver info: org.openqa.selenium.firefox.FirefoxDriver
Command: [f0933919-409e-4382-ba18-15f9296e92e4, actions {actions=[org.openqa.selenium.interactions.Sequence@4390f46e]}]
Capabilities {acceptInsecureCerts: true, browserName: firefox, browserVersion: 122.0, moz:accessibilityChecks: false, moz:buildID: 20240118164516, moz:debuggerAddress: 127.0.0.1:25155, moz:geckodriverVersion: 0.34.0, moz:headless: false, moz:platformVersion: 10.0, moz:processID: 37312, moz:profile: C:\Users\Shrikant\AppData\L..., moz:shutdownTimeout: 60000, moz:webdriverClick: true, moz:windowless: false, pageLoadStrategy: normal, platformName: windows, proxy: Proxy(), se:cdp: ws://127.0.0.1:25155/devtoo..., se:cdpVersion: 85.0, setWindowRect: true, strictFileInteractability: false, timeouts: {implicit: 0, pageLoad: 300000, script: 30000}, unhandledPromptBehavior: dismiss and notify}
Session ID: f0933919-409e-4382-ba18-15f9296e92e4
	at java.base/jdk.internal.reflect.NativeConstructorAccessorImpl.newInstance0(Native Method) ~[?:?]
	at java.base/jdk.internal.reflect.NativeConstructorAccessorImpl.newInstance(NativeConstructorAccessorImpl.java:62) ~[?:?]
	at java.base/jdk.internal.reflect.DelegatingConstructorAccessorImpl.newInstance(DelegatingConstructorAccessorImpl.java:45) ~[?:?]
	at java.base/java.lang.reflect.Constructor.newInstance(Constructor.java:490) ~[?:?]
	at org.openqa.selenium.remote.codec.w3c.W3CHttpResponseCodec.createException(W3CHttpResponseCodec.java:185) ~[selenium-remote-driver-4.17.0.jar:?]
	at org.openqa.selenium.remote.codec.w3c.W3CHttpResponseCodec.decode(W3CHttpResponseCodec.java:134) ~[selenium-remote-driver-4.17.0.jar:?]
	at org.openqa.selenium.remote.codec.w3c.W3CHttpResponseCodec.decode(W3CHttpResponseCodec.java:51) ~[selenium-remote-driver-4.17.0.jar:?]
	at org.openqa.selenium.remote.HttpCommandExecutor.execute(HttpCommandExecutor.java:190) ~[selenium-remote-driver-4.17.0.jar:?]
	at org.openqa.selenium.remote.service.DriverCommandExecutor.invokeExecute(DriverCommandExecutor.java:216) ~[selenium-remote-driver-4.17.0.jar:?]
	at org.openqa.selenium.remote.service.DriverCommandExecutor.execute(DriverCommandExecutor.java:174) ~[selenium-remote-driver-4.17.0.jar:?]
	at org.openqa.selenium.remote.RemoteWebDriver.execute(RemoteWebDriver.java:519) ~[selenium-remote-driver-4.17.0.jar:?]
	at org.openqa.selenium.remote.RemoteWebDriver.perform(RemoteWebDriver.java:605) ~[selenium-remote-driver-4.17.0.jar:?]
	at org.openqa.selenium.interactions.Actions$BuiltAction.perform(Actions.java:603) ~[selenium-api-4.17.0.jar:?]
	at com.myframework.utitlies.Util.hoverOn(Util.java:88) ~[classes/:?]
	at com.myframework.pages.HomePage.hoverOnMenuAndSelectMenu(HomePage.java:126) ~[classes/:?]
	at com.myframework.testcases.product.verifySortByOnProduct.hoverOnMenuAndSelectMenu(verifySortByOnProduct.java:39) ~[test-classes/:?]
	at java.base/jdk.internal.reflect.NativeMethodAccessorImpl.invoke0(Native Method) ~[?:?]
	at java.base/jdk.internal.reflect.NativeMethodAccessorImpl.invoke(NativeMethodAccessorImpl.java:62) ~[?:?]
	at java.base/jdk.internal.reflect.DelegatingMethodAccessorImpl.invoke(DelegatingMethodAccessorImpl.java:43) ~[?:?]
	at java.base/java.lang.reflect.Method.invoke(Method.java:566) ~[?:?]
	at org.testng.internal.MethodInvocationHelper.invokeMethod(MethodInvocationHelper.java:132) ~[testng-7.3.0.jar:?]
	at org.testng.internal.TestInvoker.invokeMethod(TestInvoker.java:599) ~[testng-7.3.0.jar:?]
	at org.testng.internal.TestInvoker.invokeTestMethod(TestInvoker.java:174) ~[testng-7.3.0.jar:?]
	at org.testng.internal.MethodRunner.runInSequence(MethodRunner.java:46) ~[testng-7.3.0.jar:?]
	at org.testng.internal.TestInvoker$MethodInvocationAgent.invoke(TestInvoker.java:822) ~[testng-7.3.0.jar:?]
	at org.testng.internal.TestInvoker.invokeTestMethods(TestInvoker.java:147) ~[testng-7.3.0.jar:?]
	at org.testng.internal.TestMethodWorker.invokeTestMethods(TestMethodWorker.java:146) ~[testng-7.3.0.jar:?]
	at org.testng.internal.TestMethodWorker.run(TestMethodWorker.java:128) ~[testng-7.3.0.jar:?]
	at java.base/java.util.ArrayList.forEach(ArrayList.java:1541) [?:?]
	at org.testng.TestRunner.privateRun(TestRunner.java:764) [testng-7.3.0.jar:?]
	at org.testng.TestRunner.run(TestRunner.java:585) [testng-7.3.0.jar:?]
	at org.testng.SuiteRunner.runTest(SuiteRunner.java:384) [testng-7.3.0.jar:?]
	at org.testng.SuiteRunner.runSequentially(SuiteRunner.java:378) [testng-7.3.0.jar:?]
	at org.testng.SuiteRunner.privateRun(SuiteRunner.java:337) [testng-7.3.0.jar:?]
	at org.testng.SuiteRunner.run(SuiteRunner.java:286) [testng-7.3.0.jar:?]
	at org.testng.SuiteRunnerWorker.runSuite(SuiteRunnerWorker.java:53) [testng-7.3.0.jar:?]
	at org.testng.SuiteRunnerWorker.run(SuiteRunnerWorker.java:96) [testng-7.3.0.jar:?]
	at org.testng.TestNG.runSuitesSequentially(TestNG.java:1218) [testng-7.3.0.jar:?]
	at org.testng.TestNG.runSuitesLocally(TestNG.java:1140) [testng-7.3.0.jar:?]
	at org.testng.TestNG.runSuites(TestNG.java:1069) [testng-7.3.0.jar:?]
	at org.testng.TestNG.run(TestNG.java:1037) [testng-7.3.0.jar:?]
	at com.intellij.rt.testng.IDEARemoteTestNG.run(IDEARemoteTestNG.java:66) [testng-rt.jar:?]
	at com.intellij.rt.testng.RemoteTestNGStarter.main(RemoteTestNGStarter.java:109) [testng-rt.jar:?]
