<html>
<head>
<title>TestNG:  Chrome-Test</title>
<link href="../testng.css" rel="stylesheet" type="text/css" />
<link href="../my-testng.css" rel="stylesheet" type="text/css" />

<style type="text/css">
.log { display: none;} 
.stack-trace { display: none;} 
</style>
<script type="text/javascript">
<!--
function flip(e) {
  current = e.style.display;
  if (current == 'block') {
    e.style.display = 'none';
    return 0;
  }
  else {
    e.style.display = 'block';
    return 1;
  }
}

function toggleBox(szDivId, elem, msg1, msg2)
{
  var res = -1;  if (document.getElementById) {
    res = flip(document.getElementById(szDivId));
  }
  else if (document.all) {
    // this is the way old msie versions work
    res = flip(document.all[szDivId]);
  }
  if(elem) {
    if(res == 0) elem.innerHTML = msg1; else elem.innerHTML = msg2;
  }

}

function toggleAllBoxes() {
  if (document.getElementsByTagName) {
    d = document.getElementsByTagName('div');
    for (i = 0; i < d.length; i++) {
      if (d[i].className == 'log') {
        flip(d[i]);
      }
    }
  }
}

// -->
</script>

</head>
<body>
<h2 align='center'>Chrome-Test</h2><table border='1' align="center">
<tr>
<td>Tests passed/Failed/Skipped:</td><td>15/1/1</td>
</tr><tr>
<td>Started on:</td><td>Mon Feb 19 22:44:00 IST 2024</td>
</tr>
<tr><td>Total time:</td><td>23 seconds (23051 ms)</td>
</tr><tr>
<td>Included groups:</td><td></td>
</tr><tr>
<td>Excluded groups:</td><td></td>
</tr>
</table><p/>
<small><i>(Hover the method name to see the test class name)</i></small><p/>
<table width='100%' border='1' class='invocation-failed'>
<tr><td colspan='4' align='center'><b>FAILED TESTS</b></td></tr>
<tr><td><b>Test method</b></td>
<td width="30%"><b>Exception</b></td>
<td width="10%"><b>Time (seconds)</b></td>
<td><b>Instance</b></td>
</tr>
<tr>
<td title='com.myframework.testcases.homepage.VerifyHomeScreen.failedTestCase()'><b>failedTestCase</b><br>Test class: com.myframework.testcases.homepage.VerifyHomeScreen</td>
<td><div><pre>java.lang.AssertionError: expected [true] but found [false]
	at com.myframework.testcases.homepage.VerifyHomeScreen.failedTestCase(VerifyHomeScreen.java:40)
	at java.base/java.util.concurrent.ThreadPoolExecutor.runWorker(ThreadPoolExecutor.java:1128)
	at java.base/java.util.concurrent.ThreadPoolExecutor$Worker.run(ThreadPoolExecutor.java:628)
	at java.base/java.lang.Thread.run(Thread.java:834)
... Removed 16 stack frames</pre></div><a href='#' onClick='toggleBox("stack-trace1470212396", this, "Click to show all stack frames", "Click to hide stack frames")'>Click to show all stack frames</a>
<div class='stack-trace' id='stack-trace1470212396'><pre>java.lang.AssertionError: expected [true] but found [false]
	at org.testng.Assert.fail(Assert.java:99)
	at org.testng.Assert.failNotEquals(Assert.java:1037)
	at org.testng.Assert.assertTrue(Assert.java:45)
	at org.testng.Assert.assertTrue(Assert.java:55)
	at com.myframework.testcases.homepage.VerifyHomeScreen.failedTestCase(VerifyHomeScreen.java:40)
	at java.base/jdk.internal.reflect.NativeMethodAccessorImpl.invoke0(Native Method)
	at java.base/jdk.internal.reflect.NativeMethodAccessorImpl.invoke(NativeMethodAccessorImpl.java:62)
	at java.base/jdk.internal.reflect.DelegatingMethodAccessorImpl.invoke(DelegatingMethodAccessorImpl.java:43)
	at java.base/java.lang.reflect.Method.invoke(Method.java:566)
	at org.testng.internal.MethodInvocationHelper.invokeMethod(MethodInvocationHelper.java:132)
	at org.testng.internal.TestInvoker.invokeMethod(TestInvoker.java:599)
	at org.testng.internal.TestInvoker.invokeTestMethod(TestInvoker.java:174)
	at org.testng.internal.MethodRunner.runInSequence(MethodRunner.java:46)
	at org.testng.internal.TestInvoker$MethodInvocationAgent.invoke(TestInvoker.java:822)
	at org.testng.internal.TestInvoker.invokeTestMethods(TestInvoker.java:147)
	at org.testng.internal.TestMethodWorker.invokeTestMethods(TestMethodWorker.java:146)
	at org.testng.internal.TestMethodWorker.run(TestMethodWorker.java:128)
	at java.base/java.util.concurrent.ThreadPoolExecutor.runWorker(ThreadPoolExecutor.java:1128)
	at java.base/java.util.concurrent.ThreadPoolExecutor$Worker.run(ThreadPoolExecutor.java:628)
	at java.base/java.lang.Thread.run(Thread.java:834)
</pre></div></td>
<td>0</td>
<td>com.myframework.testcases.homepage.VerifyHomeScreen@139982de</td></tr>
</table><p>
<table width='100%' border='1' class='invocation-passed'>
<tr><td colspan='4' align='center'><b>PASSED TESTS</b></td></tr>
<tr><td><b>Test method</b></td>
<td width="30%"><b>Exception</b></td>
<td width="10%"><b>Time (seconds)</b></td>
<td><b>Instance</b></td>
</tr>
<tr>
<td title='com.myframework.testcases.product.verifySortByOnProduct.hoverOnMenuAndSelectMenu()'><b>hoverOnMenuAndSelectMenu</b><br>Test class: com.myframework.testcases.product.verifySortByOnProduct</td>
<td></td>
<td>3</td>
<td>com.myframework.testcases.product.verifySortByOnProduct@217ed35e</td></tr>
<tr>
<td title='com.myframework.testcases.product.verifySortByOnProduct.scrollPageTillSortByOption()'><b>scrollPageTillSortByOption</b><br>Test class: com.myframework.testcases.product.verifySortByOnProduct</td>
<td></td>
<td>0</td>
<td>com.myframework.testcases.product.verifySortByOnProduct@217ed35e</td></tr>
<tr>
<td title='com.myframework.testcases.product.verifySortByOnProduct.selectSortOptionByText()'><b>selectSortOptionByText</b><br>Test class: com.myframework.testcases.product.verifySortByOnProduct</td>
<td></td>
<td>1</td>
<td>com.myframework.testcases.product.verifySortByOnProduct@217ed35e</td></tr>
<tr>
<td title='com.myframework.testcases.homepage.VerifyHomeScreen.verifyHomePageTitle()'><b>verifyHomePageTitle</b><br>Test class: com.myframework.testcases.homepage.VerifyHomeScreen</td>
<td></td>
<td>0</td>
<td>com.myframework.testcases.homepage.VerifyHomeScreen@139982de</td></tr>
<tr>
<td title='com.myframework.testcases.signin_singup.VerifyUserSingIn.verifyInvalidUserLogin()'><b>verifyInvalidUserLogin</b><br>Test class: com.myframework.testcases.signin_singup.VerifyUserSingIn<br>Parameters: test@testqa.com, Testing@12345</td>
<td></td>
<td>1</td>
<td>com.myframework.testcases.signin_singup.VerifyUserSingIn@682b2fa</td></tr>
<tr>
<td title='com.myframework.testcases.signin_singup.VerifyUserSingIn.verifyInvalidUserLogin()'><b>verifyInvalidUserLogin</b><br>Test class: com.myframework.testcases.signin_singup.VerifyUserSingIn<br>Parameters: test124@testqa.com, Testing@1222345</td>
<td></td>
<td>0</td>
<td>com.myframework.testcases.signin_singup.VerifyUserSingIn@682b2fa</td></tr>
<tr>
<td title='com.myframework.testcases.homepage.VerifyHomeScreen.verifyMainMenuOptions()'><b>verifyMainMenuOptions</b><br>Test class: com.myframework.testcases.homepage.VerifyHomeScreen</td>
<td></td>
<td>0</td>
<td>com.myframework.testcases.homepage.VerifyHomeScreen@139982de</td></tr>
<tr>
<td title='com.myframework.testcases.product.verifySortByOnProduct.verifyPageBreadCrumb()'><b>verifyPageBreadCrumb</b><br>Test class: com.myframework.testcases.product.verifySortByOnProduct</td>
<td></td>
<td>0</td>
<td>com.myframework.testcases.product.verifySortByOnProduct@217ed35e</td></tr>
<tr>
<td title='com.myframework.testcases.product.verifySortByOnProduct.verifyProductOrderBy()'><b>verifyProductOrderBy</b><br>Test class: com.myframework.testcases.product.verifySortByOnProduct</td>
<td></td>
<td>0</td>
<td>com.myframework.testcases.product.verifySortByOnProduct@217ed35e</td></tr>
<tr>
<td title='com.myframework.testcases.signin_singup.VerifyUserSingIn.verifySignInBtnIsClickable()'><b>verifySignInBtnIsClickable</b><br>Test class: com.myframework.testcases.signin_singup.VerifyUserSingIn</td>
<td></td>
<td>0</td>
<td>com.myframework.testcases.signin_singup.VerifyUserSingIn@682b2fa</td></tr>
<tr>
<td title='com.myframework.testcases.signin_singup.VerifyUserSingIn.verifySignInBtnIsVisible()'><b>verifySignInBtnIsVisible</b><br>Test class: com.myframework.testcases.signin_singup.VerifyUserSingIn</td>
<td></td>
<td>0</td>
<td>com.myframework.testcases.signin_singup.VerifyUserSingIn@682b2fa</td></tr>
<tr>
<td title='com.myframework.testcases.homepage.VerifyHomeScreen.verifySignInBtnIsVisible()'><b>verifySignInBtnIsVisible</b><br>Test class: com.myframework.testcases.homepage.VerifyHomeScreen</td>
<td></td>
<td>0</td>
<td>com.myframework.testcases.homepage.VerifyHomeScreen@139982de</td></tr>
<tr>
<td title='com.myframework.testcases.signin_singup.VerifyUserSingIn.verifyUserSignOut()'><b>verifyUserSignOut</b><br>Test class: com.myframework.testcases.signin_singup.VerifyUserSingIn</td>
<td></td>
<td>1</td>
<td>com.myframework.testcases.signin_singup.VerifyUserSingIn@682b2fa</td></tr>
<tr>
<td title='com.myframework.testcases.signin_singup.VerifyUserSingIn.verifyUserTapOnSignInBtn()'><b>verifyUserTapOnSignInBtn</b><br>Test class: com.myframework.testcases.signin_singup.VerifyUserSingIn</td>
<td></td>
<td>1</td>
<td>com.myframework.testcases.signin_singup.VerifyUserSingIn@682b2fa</td></tr>
<tr>
<td title='com.myframework.testcases.signin_singup.VerifyUserSingIn.verifyValidUserLogin()'><b>verifyValidUserLogin</b><br>Test class: com.myframework.testcases.signin_singup.VerifyUserSingIn<br>Parameters: test@testqa.com, Testing@1234</td>
<td></td>
<td>1</td>
<td>com.myframework.testcases.signin_singup.VerifyUserSingIn@682b2fa</td></tr>
</table><p>
<table width='100%' border='1' class='invocation-skipped'>
<tr><td colspan='4' align='center'><b>SKIPPED TESTS</b></td></tr>
<tr><td><b>Test method</b></td>
<td width="30%"><b>Exception</b></td>
<td width="10%"><b>Time (seconds)</b></td>
<td><b>Instance</b></td>
</tr>
<tr>
<td title='com.myframework.testcases.homepage.VerifyHomeScreen.skippedTestCase()'><b>skippedTestCase</b><br>Test class: com.myframework.testcases.homepage.VerifyHomeScreen</td>
<td><div><pre>org.testng.SkipException: this is skipped test case
	at com.myframework.testcases.homepage.VerifyHomeScreen.skippedTestCase(VerifyHomeScreen.java:45)
	at java.base/java.util.concurrent.ThreadPoolExecutor.runWorker(ThreadPoolExecutor.java:1128)
	at java.base/java.util.concurrent.ThreadPoolExecutor$Worker.run(ThreadPoolExecutor.java:628)
	at java.base/java.lang.Thread.run(Thread.java:834)
... Removed 12 stack frames</pre></div><a href='#' onClick='toggleBox("stack-trace1524653207", this, "Click to show all stack frames", "Click to hide stack frames")'>Click to show all stack frames</a>
<div class='stack-trace' id='stack-trace1524653207'><pre>org.testng.SkipException: this is skipped test case
	at com.myframework.testcases.homepage.VerifyHomeScreen.skippedTestCase(VerifyHomeScreen.java:45)
	at java.base/jdk.internal.reflect.NativeMethodAccessorImpl.invoke0(Native Method)
	at java.base/jdk.internal.reflect.NativeMethodAccessorImpl.invoke(NativeMethodAccessorImpl.java:62)
	at java.base/jdk.internal.reflect.DelegatingMethodAccessorImpl.invoke(DelegatingMethodAccessorImpl.java:43)
	at java.base/java.lang.reflect.Method.invoke(Method.java:566)
	at org.testng.internal.MethodInvocationHelper.invokeMethod(MethodInvocationHelper.java:132)
	at org.testng.internal.TestInvoker.invokeMethod(TestInvoker.java:599)
	at org.testng.internal.TestInvoker.invokeTestMethod(TestInvoker.java:174)
	at org.testng.internal.MethodRunner.runInSequence(MethodRunner.java:46)
	at org.testng.internal.TestInvoker$MethodInvocationAgent.invoke(TestInvoker.java:822)
	at org.testng.internal.TestInvoker.invokeTestMethods(TestInvoker.java:147)
	at org.testng.internal.TestMethodWorker.invokeTestMethods(TestMethodWorker.java:146)
	at org.testng.internal.TestMethodWorker.run(TestMethodWorker.java:128)
	at java.base/java.util.concurrent.ThreadPoolExecutor.runWorker(ThreadPoolExecutor.java:1128)
	at java.base/java.util.concurrent.ThreadPoolExecutor$Worker.run(ThreadPoolExecutor.java:628)
	at java.base/java.lang.Thread.run(Thread.java:834)
</pre></div></td>
<td>0</td>
<td>com.myframework.testcases.homepage.VerifyHomeScreen@139982de</td></tr>
</table><p>
</body>
</html>