<?xml version="1.0" encoding="UTF-8"?>
<!-- Generated by org.testng.reporters.JUnitXMLReporter -->
<testsuite ignored="5" hostname="LAPTOP-24E6EFHK" failures="1" tests="17" name="Firefox-Test" time="34.496" errors="0" timestamp="2024-02-19T22:44:35 IST">
  <testcase classname="com.myframework.testcases.homepage.VerifyHomeScreen" name="verifyHomePageTitle" time="0.024"/>
  <testcase classname="com.myframework.testcases.homepage.VerifyHomeScreen" name="verifySignInBtnIsVisible" time="0.081"/>
  <testcase classname="com.myframework.testcases.homepage.VerifyHomeScreen" name="verifyMainMenuOptions" time="0.165"/>
  <testcase classname="com.myframework.testcases.homepage.VerifyHomeScreen" name="failedTestCase" time="0.0">
    <failure type="java.lang.AssertionError" message="expected [true] but found [false]">
      <![CDATA[java.lang.AssertionError: expected [true] but found [false]
at com.myframework.testcases.homepage.VerifyHomeScreen.failedTestCase(VerifyHomeScreen.java:40)
at java.base/java.util.concurrent.ThreadPoolExecutor.runWorker(ThreadPoolExecutor.java:1128)
at java.base/java.util.concurrent.ThreadPoolExecutor$Worker.run(ThreadPoolExecutor.java:628)
at java.base/java.lang.Thread.run(Thread.java:834)
... Removed 16 stack frames]]>
    </failure>
  </testcase> <!-- failedTestCase -->
  <testcase classname="com.myframework.testcases.homepage.VerifyHomeScreen" name="skippedTestCase" time="0.0">
    <skipped/>
  </testcase> <!-- skippedTestCase -->
  <testcase classname="com.myframework.testcases.product.verifySortByOnProduct" name="hoverOnMenuAndSelectMenu" time="1.903"/>
  <testcase classname="com.myframework.testcases.signin_singup.VerifyUserSingIn" name="verifySignInBtnIsVisible" time="0.027"/>
  <testcase classname="com.myframework.testcases.signin_singup.VerifyUserSingIn" name="verifySignInBtnIsClickable" time="0.044"/>
  <testcase classname="com.myframework.testcases.signin_singup.VerifyUserSingIn" name="verifyUserTapOnSignInBtn" time="0.733"/>
  <testcase classname="com.myframework.testcases.signin_singup.VerifyUserSingIn" name="verifyInvalidUserLogin" time="0.602"/>
  <testcase classname="com.myframework.testcases.signin_singup.VerifyUserSingIn" name="verifyInvalidUserLogin" time="0.685"/>
  <testcase classname="com.myframework.testcases.signin_singup.VerifyUserSingIn" name="verifyValidUserLogin" time="0.886"/>
  <testcase classname="com.myframework.testcases.signin_singup.VerifyUserSingIn" name="verifyUserSignOut" time="0.827"/>
  <testcase classname="com.myframework.testcases.product.verifySortByOnProduct" name="verifyPageBreadCrumb" time="15.12"/>
  <testcase classname="com.myframework.testcases.product.verifySortByOnProduct" name="selectSortOptionByText" time="1.077"/>
  <testcase classname="com.myframework.testcases.product.verifySortByOnProduct" name="scrollPageTillSortByOption" time="0.01"/>
  <testcase classname="com.myframework.testcases.product.verifySortByOnProduct" name="verifyProductOrderBy" time="0.069"/>
  <testcase classname="com.myframework.testcases.basetest.BaseTestClass" name="@BeforeSuite beforeSuit" time="0.0">
    <ignored/>
  </testcase> <!-- @BeforeSuite beforeSuit -->
  <testcase classname="com.myframework.testcases.basetest.BaseTestClass" name="@BeforeSuite beforeSuit" time="0.0">
    <ignored/>
  </testcase> <!-- @BeforeSuite beforeSuit -->
  <testcase classname="com.myframework.testcases.basetest.BaseTestClass" name="@AfterSuite afterSuit" time="0.0">
    <ignored/>
  </testcase> <!-- @AfterSuite afterSuit -->
  <testcase classname="com.myframework.testcases.basetest.BaseTestClass" name="@AfterSuite afterSuit" time="0.0">
    <ignored/>
  </testcase> <!-- @AfterSuite afterSuit -->
  <testcase classname="com.myframework.testcases.homepage.VerifyHomeScreen" name="skippedTestCase2" time="0.0">
    <ignored/>
  </testcase> <!-- skippedTestCase2 -->
</testsuite> <!-- Firefox-Test -->
