<!DOCTYPE html PUBLIC "-//W3C//DTD XHTML 1.1//EN" "https://www.w3.org/TR/xhtml11/DTD/xhtml11.dtd">
<html xmlns="https://www.w3.org/1999/xhtml">
<head>
<meta http-equiv="content-type" content="text/html; charset=UTF-8"/>
<title>TestNG Report</title>
<style type="text/css">table {margin-bottom:10px;border-collapse:collapse;empty-cells:show}th,td {border:1px solid #009;padding:.25em .5em}th {vertical-align:bottom}td {vertical-align:top}table a {font-weight:bold}.stripe td {background-color: #E6EBF9}.num {text-align:right}.passedodd td {background-color: #3F3}.passedeven td {background-color: #0A0}.skippedodd td {background-color: #DDD}.skippedeven td {background-color: #CCC}.failedodd td,.attn {background-color: #F33}.failedeven td,.stripe .attn {background-color: #D00}.stacktrace {white-space:pre;font-family:monospace}.totop {font-size:85%;text-align:center;border-bottom:2px solid #000}.invisible {display:none}</style>
</head>
<body>
<table>
<tr><th>Test</th><th># Passed</th><th># Skipped</th><th># Retried</th><th># Failed</th><th>Time (ms)</th><th>Included Groups</th><th>Excluded Groups</th></tr>
<tr><th colspan="8">All Test Suite</th></tr>
<tr><td><a href="#t0">Home Page UI Test</a></td><td class="num">0</td><td class="num attn">3</td><td class="num">0</td><td class="num">0</td><td class="num">49</td><td></td><td></td></tr>
<tr class="stripe"><td><a href="#t1">SignIn-Test</a></td><td class="num">0</td><td class="num attn">7</td><td class="num">0</td><td class="num">0</td><td class="num">1,398</td><td></td><td></td></tr>
<tr><td><a href="#t2">Product-sort-by-test</a></td><td class="num">5</td><td class="num">0</td><td class="num">0</td><td class="num">0</td><td class="num">30,650</td><td></td><td></td></tr>
<tr><th>Total</th><th class="num">5</th><th class="num attn">10</th><th class="num">0</th><th class="num">0</th><th class="num">32,097</th><th colspan="2"></th></tr>
</table>
<table id='summary'><thead><tr><th>Class</th><th>Method</th><th>Start</th><th>Time (ms)</th></tr></thead><tbody><tr><th colspan="4">All Test Suite</th></tr></tbody><tbody id="t0"><tr><th colspan="4">Home Page UI Test &#8212; failed (configuration methods)</th></tr><tr class="failedeven"><td rowspan="1">com.myframework.testcases.homepage.VerifyHomeScreen</td><td><a href="#m0">beforeClass</a></td><td rowspan="1">1708161461838</td><td rowspan="1">-1708161461838</td></tr><tr><th colspan="4">Home Page UI Test &#8212; skipped (configuration methods)</th></tr><tr class="skippedeven"><td rowspan="1">com.myframework.testcases.homepage.VerifyHomeScreen</td><td><a href="#m1">afterClass</a></td><td rowspan="1">1708161461873</td><td rowspan="1">-1708161461873</td></tr><tr><th colspan="4">Home Page UI Test &#8212; skipped</th></tr><tr class="skippedeven"><td rowspan="3">com.myframework.testcases.homepage.VerifyHomeScreen</td><td><a href="#m2">verifyHomePageTitle</a></td><td rowspan="1">1708161461869</td><td rowspan="1">0</td></tr><tr class="skippedeven"><td><a href="#m3">verifyMainMenuOptions</a></td><td rowspan="1">1708161461872</td><td rowspan="1">0</td></tr><tr class="skippedeven"><td><a href="#m4">verifySignInBtnIsVisible</a></td><td rowspan="1">1708161461872</td><td rowspan="1">0</td></tr></tbody>
<tbody id="t1"><tr><th colspan="4">SignIn-Test &#8212; failed (configuration methods)</th></tr><tr class="failedeven"><td rowspan="1">com.myframework.testcases.signin_singup.VerifyUserSingIn</td><td><a href="#m5">beforeClass</a></td><td rowspan="1">1708161461838</td><td rowspan="1">-1708161461838</td></tr><tr><th colspan="4">SignIn-Test &#8212; skipped (configuration methods)</th></tr><tr class="skippedeven"><td rowspan="1">com.myframework.testcases.signin_singup.VerifyUserSingIn</td><td><a href="#m6">afterClass</a></td><td rowspan="1">1708161463223</td><td rowspan="1">-1708161463223</td></tr><tr><th colspan="4">SignIn-Test &#8212; skipped</th></tr><tr class="skippedeven"><td rowspan="7">com.myframework.testcases.signin_singup.VerifyUserSingIn</td><td><a href="#m7">verifyInvalidUserLogin</a></td><td rowspan="2">1708161463221</td><td rowspan="2">0</td></tr><tr class="skippedeven"><td><a href="#m8">verifyInvalidUserLogin</a></td></tr><tr class="skippedeven"><td><a href="#m9">verifySignInBtnIsClickable</a></td><td rowspan="1">1708161461872</td><td rowspan="1">0</td></tr><tr class="skippedeven"><td><a href="#m10">verifySignInBtnIsVisible</a></td><td rowspan="1">1708161461869</td><td rowspan="1">0</td></tr><tr class="skippedeven"><td><a href="#m11">verifyUserSignOut</a></td><td rowspan="1">1708161463223</td><td rowspan="1">0</td></tr><tr class="skippedeven"><td><a href="#m12">verifyUserTapOnSignInBtn</a></td><td rowspan="1">1708161461872</td><td rowspan="1">0</td></tr><tr class="skippedeven"><td><a href="#m13">verifyValidUserLogin</a></td><td rowspan="1">1708161463223</td><td rowspan="1">0</td></tr></tbody>
<tbody id="t2"><tr><th colspan="4">Product-sort-by-test &#8212; passed</th></tr><tr class="passedeven"><td rowspan="5">com.myframework.testcases.product.verifySortByOnProduct</td><td><a href="#m14">hoverOnMenuAndSelectMenu</a></td><td rowspan="1">1708161473915</td><td rowspan="1">1154</td></tr><tr class="passedeven"><td><a href="#m15">scrollPageTillSortByOption</a></td><td rowspan="1">1708161491528</td><td rowspan="1">13</td></tr><tr class="passedeven"><td><a href="#m16">selectSortOptionByText</a></td><td rowspan="1">1708161490224</td><td rowspan="1">1303</td></tr><tr class="passedeven"><td><a href="#m17">verifyPageBreadCrumb</a></td><td rowspan="1">1708161475074</td><td rowspan="1">15149</td></tr><tr class="passedeven"><td><a href="#m18">verifyProductOrderBy</a></td><td rowspan="1">1708161491542</td><td rowspan="1">70</td></tr></tbody>
</table>
<h2>Home Page UI Test</h2><h3 id="m0">com.myframework.testcases.homepage.VerifyHomeScreen#beforeClass</h3><table class="result"><tr><th>Exception</th></tr><tr><td><div class="stacktrace">org.testng.TestNGException: 
Parameter &apos;browser&apos; is required by BeforeClass on method beforeClass but has not been marked @Optional or defined
in C:\Users\Shrikant\IdeaProjects\MyFrameWork\parallel-execution-testng.xml
	at java.base/java.util.ArrayList.forEach(ArrayList.java:1541)
	at java.base/java.util.concurrent.FutureTask.run(FutureTask.java:264)
	at java.base/java.util.concurrent.ThreadPoolExecutor.runWorker(ThreadPoolExecutor.java:1128)
	at java.base/java.util.concurrent.ThreadPoolExecutor$Worker.run(ThreadPoolExecutor.java:628)
	at java.base/java.lang.Thread.run(Thread.java:834)
... Removed 13 stack frames</div></td></tr></table><p class="totop"><a href="#summary">back to summary</a></p>
<h3 id="m1">com.myframework.testcases.homepage.VerifyHomeScreen#afterClass</h3><table class="result"><tr><th class="invisible"/></tr></table><p class="totop"><a href="#summary">back to summary</a></p>
<h3 id="m2">com.myframework.testcases.homepage.VerifyHomeScreen#verifyHomePageTitle</h3><table class="result"><tr><th>Exception</th></tr><tr><td><div class="stacktrace">org.testng.TestNGException: 
Parameter &apos;browser&apos; is required by BeforeClass on method beforeClass but has not been marked @Optional or defined
in C:\Users\Shrikant\IdeaProjects\MyFrameWork\parallel-execution-testng.xml
	at java.base/java.util.ArrayList.forEach(ArrayList.java:1541)
	at java.base/java.util.concurrent.FutureTask.run(FutureTask.java:264)
	at java.base/java.util.concurrent.ThreadPoolExecutor.runWorker(ThreadPoolExecutor.java:1128)
	at java.base/java.util.concurrent.ThreadPoolExecutor$Worker.run(ThreadPoolExecutor.java:628)
	at java.base/java.lang.Thread.run(Thread.java:834)
... Removed 13 stack frames</div></td></tr></table><p class="totop"><a href="#summary">back to summary</a></p>
<h3 id="m3">com.myframework.testcases.homepage.VerifyHomeScreen#verifyMainMenuOptions</h3><table class="result"><tr><th>Exception</th></tr><tr><td><div class="stacktrace">org.testng.TestNGException: 
Parameter &apos;browser&apos; is required by BeforeClass on method beforeClass but has not been marked @Optional or defined
in C:\Users\Shrikant\IdeaProjects\MyFrameWork\parallel-execution-testng.xml
	at java.base/java.util.ArrayList.forEach(ArrayList.java:1541)
	at java.base/java.util.concurrent.FutureTask.run(FutureTask.java:264)
	at java.base/java.util.concurrent.ThreadPoolExecutor.runWorker(ThreadPoolExecutor.java:1128)
	at java.base/java.util.concurrent.ThreadPoolExecutor$Worker.run(ThreadPoolExecutor.java:628)
	at java.base/java.lang.Thread.run(Thread.java:834)
... Removed 13 stack frames</div></td></tr></table><p class="totop"><a href="#summary">back to summary</a></p>
<h3 id="m4">com.myframework.testcases.homepage.VerifyHomeScreen#verifySignInBtnIsVisible</h3><table class="result"><tr><th>Exception</th></tr><tr><td><div class="stacktrace">org.testng.TestNGException: 
Parameter &apos;browser&apos; is required by BeforeClass on method beforeClass but has not been marked @Optional or defined
in C:\Users\Shrikant\IdeaProjects\MyFrameWork\parallel-execution-testng.xml
	at java.base/java.util.ArrayList.forEach(ArrayList.java:1541)
	at java.base/java.util.concurrent.FutureTask.run(FutureTask.java:264)
	at java.base/java.util.concurrent.ThreadPoolExecutor.runWorker(ThreadPoolExecutor.java:1128)
	at java.base/java.util.concurrent.ThreadPoolExecutor$Worker.run(ThreadPoolExecutor.java:628)
	at java.base/java.lang.Thread.run(Thread.java:834)
... Removed 13 stack frames</div></td></tr></table><p class="totop"><a href="#summary">back to summary</a></p>
<h2>SignIn-Test</h2><h3 id="m5">com.myframework.testcases.signin_singup.VerifyUserSingIn#beforeClass</h3><table class="result"><tr><th>Exception</th></tr><tr><td><div class="stacktrace">org.testng.TestNGException: 
Parameter &apos;browser&apos; is required by BeforeClass on method beforeClass but has not been marked @Optional or defined
in C:\Users\Shrikant\IdeaProjects\MyFrameWork\parallel-execution-testng.xml
	at java.base/java.util.ArrayList.forEach(ArrayList.java:1541)
	at java.base/java.util.concurrent.FutureTask.run(FutureTask.java:264)
	at java.base/java.util.concurrent.ThreadPoolExecutor.runWorker(ThreadPoolExecutor.java:1128)
	at java.base/java.util.concurrent.ThreadPoolExecutor$Worker.run(ThreadPoolExecutor.java:628)
	at java.base/java.lang.Thread.run(Thread.java:834)
... Removed 13 stack frames</div></td></tr></table><p class="totop"><a href="#summary">back to summary</a></p>
<h3 id="m6">com.myframework.testcases.signin_singup.VerifyUserSingIn#afterClass</h3><table class="result"><tr><th class="invisible"/></tr></table><p class="totop"><a href="#summary">back to summary</a></p>
<h3 id="m7">com.myframework.testcases.signin_singup.VerifyUserSingIn#verifyInvalidUserLogin</h3><table class="result"><tr class="param"><th>Parameter #1</th><th>Parameter #2</th></tr><tr class="param stripe"><td>test@testqa.com</td><td>Testing@12345</td></tr><tr><th colspan="2">Exception</th></tr><tr><td colspan="2"><div class="stacktrace">org.testng.TestNGException: 
Parameter &apos;browser&apos; is required by BeforeClass on method beforeClass but has not been marked @Optional or defined
in C:\Users\Shrikant\IdeaProjects\MyFrameWork\parallel-execution-testng.xml
	at java.base/java.util.ArrayList.forEach(ArrayList.java:1541)
	at java.base/java.util.concurrent.FutureTask.run(FutureTask.java:264)
	at java.base/java.util.concurrent.ThreadPoolExecutor.runWorker(ThreadPoolExecutor.java:1128)
	at java.base/java.util.concurrent.ThreadPoolExecutor$Worker.run(ThreadPoolExecutor.java:628)
	at java.base/java.lang.Thread.run(Thread.java:834)
... Removed 13 stack frames</div></td></tr></table><p class="totop"><a href="#summary">back to summary</a></p>
<h3 id="m8">com.myframework.testcases.signin_singup.VerifyUserSingIn#verifyInvalidUserLogin</h3><table class="result"><tr class="param"><th>Parameter #1</th><th>Parameter #2</th></tr><tr class="param stripe"><td>test124@testqa.com</td><td>Testing@1222345</td></tr><tr><th colspan="2">Exception</th></tr><tr><td colspan="2"><div class="stacktrace">org.testng.TestNGException: 
Parameter &apos;browser&apos; is required by BeforeClass on method beforeClass but has not been marked @Optional or defined
in C:\Users\Shrikant\IdeaProjects\MyFrameWork\parallel-execution-testng.xml
	at java.base/java.util.ArrayList.forEach(ArrayList.java:1541)
	at java.base/java.util.concurrent.FutureTask.run(FutureTask.java:264)
	at java.base/java.util.concurrent.ThreadPoolExecutor.runWorker(ThreadPoolExecutor.java:1128)
	at java.base/java.util.concurrent.ThreadPoolExecutor$Worker.run(ThreadPoolExecutor.java:628)
	at java.base/java.lang.Thread.run(Thread.java:834)
... Removed 13 stack frames</div></td></tr></table><p class="totop"><a href="#summary">back to summary</a></p>
<h3 id="m9">com.myframework.testcases.signin_singup.VerifyUserSingIn#verifySignInBtnIsClickable</h3><table class="result"><tr><th>Exception</th></tr><tr><td><div class="stacktrace">org.testng.TestNGException: 
Parameter &apos;browser&apos; is required by BeforeClass on method beforeClass but has not been marked @Optional or defined
in C:\Users\Shrikant\IdeaProjects\MyFrameWork\parallel-execution-testng.xml
	at java.base/java.util.ArrayList.forEach(ArrayList.java:1541)
	at java.base/java.util.concurrent.FutureTask.run(FutureTask.java:264)
	at java.base/java.util.concurrent.ThreadPoolExecutor.runWorker(ThreadPoolExecutor.java:1128)
	at java.base/java.util.concurrent.ThreadPoolExecutor$Worker.run(ThreadPoolExecutor.java:628)
	at java.base/java.lang.Thread.run(Thread.java:834)
... Removed 13 stack frames</div></td></tr></table><p class="totop"><a href="#summary">back to summary</a></p>
<h3 id="m10">com.myframework.testcases.signin_singup.VerifyUserSingIn#verifySignInBtnIsVisible</h3><table class="result"><tr><th>Exception</th></tr><tr><td><div class="stacktrace">org.testng.TestNGException: 
Parameter &apos;browser&apos; is required by BeforeClass on method beforeClass but has not been marked @Optional or defined
in C:\Users\Shrikant\IdeaProjects\MyFrameWork\parallel-execution-testng.xml
	at java.base/java.util.ArrayList.forEach(ArrayList.java:1541)
	at java.base/java.util.concurrent.FutureTask.run(FutureTask.java:264)
	at java.base/java.util.concurrent.ThreadPoolExecutor.runWorker(ThreadPoolExecutor.java:1128)
	at java.base/java.util.concurrent.ThreadPoolExecutor$Worker.run(ThreadPoolExecutor.java:628)
	at java.base/java.lang.Thread.run(Thread.java:834)
... Removed 13 stack frames</div></td></tr></table><p class="totop"><a href="#summary">back to summary</a></p>
<h3 id="m11">com.myframework.testcases.signin_singup.VerifyUserSingIn#verifyUserSignOut</h3><table class="result"><tr><th>Exception</th></tr><tr><td><div class="stacktrace">org.testng.TestNGException: 
Parameter &apos;browser&apos; is required by BeforeClass on method beforeClass but has not been marked @Optional or defined
in C:\Users\Shrikant\IdeaProjects\MyFrameWork\parallel-execution-testng.xml
	at java.base/java.util.ArrayList.forEach(ArrayList.java:1541)
	at java.base/java.util.concurrent.FutureTask.run(FutureTask.java:264)
	at java.base/java.util.concurrent.ThreadPoolExecutor.runWorker(ThreadPoolExecutor.java:1128)
	at java.base/java.util.concurrent.ThreadPoolExecutor$Worker.run(ThreadPoolExecutor.java:628)
	at java.base/java.lang.Thread.run(Thread.java:834)
... Removed 13 stack frames</div></td></tr></table><p class="totop"><a href="#summary">back to summary</a></p>
<h3 id="m12">com.myframework.testcases.signin_singup.VerifyUserSingIn#verifyUserTapOnSignInBtn</h3><table class="result"><tr><th>Exception</th></tr><tr><td><div class="stacktrace">org.testng.TestNGException: 
Parameter &apos;browser&apos; is required by BeforeClass on method beforeClass but has not been marked @Optional or defined
in C:\Users\Shrikant\IdeaProjects\MyFrameWork\parallel-execution-testng.xml
	at java.base/java.util.ArrayList.forEach(ArrayList.java:1541)
	at java.base/java.util.concurrent.FutureTask.run(FutureTask.java:264)
	at java.base/java.util.concurrent.ThreadPoolExecutor.runWorker(ThreadPoolExecutor.java:1128)
	at java.base/java.util.concurrent.ThreadPoolExecutor$Worker.run(ThreadPoolExecutor.java:628)
	at java.base/java.lang.Thread.run(Thread.java:834)
... Removed 13 stack frames</div></td></tr></table><p class="totop"><a href="#summary">back to summary</a></p>
<h3 id="m13">com.myframework.testcases.signin_singup.VerifyUserSingIn#verifyValidUserLogin</h3><table class="result"><tr class="param"><th>Parameter #1</th><th>Parameter #2</th></tr><tr class="param stripe"><td>test@testqa.com</td><td>Testing@1234</td></tr><tr><th colspan="2">Exception</th></tr><tr><td colspan="2"><div class="stacktrace">org.testng.TestNGException: 
Parameter &apos;browser&apos; is required by BeforeClass on method beforeClass but has not been marked @Optional or defined
in C:\Users\Shrikant\IdeaProjects\MyFrameWork\parallel-execution-testng.xml
	at java.base/java.util.ArrayList.forEach(ArrayList.java:1541)
	at java.base/java.util.concurrent.FutureTask.run(FutureTask.java:264)
	at java.base/java.util.concurrent.ThreadPoolExecutor.runWorker(ThreadPoolExecutor.java:1128)
	at java.base/java.util.concurrent.ThreadPoolExecutor$Worker.run(ThreadPoolExecutor.java:628)
	at java.base/java.lang.Thread.run(Thread.java:834)
... Removed 13 stack frames</div></td></tr></table><p class="totop"><a href="#summary">back to summary</a></p>
<h2>Product-sort-by-test</h2><h3 id="m14">com.myframework.testcases.product.verifySortByOnProduct#hoverOnMenuAndSelectMenu</h3><table class="result"><tr><th class="invisible"/></tr></table><p class="totop"><a href="#summary">back to summary</a></p>
<h3 id="m15">com.myframework.testcases.product.verifySortByOnProduct#scrollPageTillSortByOption</h3><table class="result"><tr><th class="invisible"/></tr></table><p class="totop"><a href="#summary">back to summary</a></p>
<h3 id="m16">com.myframework.testcases.product.verifySortByOnProduct#selectSortOptionByText</h3><table class="result"><tr><th class="invisible"/></tr></table><p class="totop"><a href="#summary">back to summary</a></p>
<h3 id="m17">com.myframework.testcases.product.verifySortByOnProduct#verifyPageBreadCrumb</h3><table class="result"><tr><th class="invisible"/></tr></table><p class="totop"><a href="#summary">back to summary</a></p>
<h3 id="m18">com.myframework.testcases.product.verifySortByOnProduct#verifyProductOrderBy</h3><table class="result"><tr><th class="invisible"/></tr></table><p class="totop"><a href="#summary">back to summary</a></p>
</body>
</html>
