<?xml version="1.0" encoding="UTF-8"?>
<!-- Generated by org.testng.reporters.JUnitXMLReporter -->
<testsuite ignored="0" hostname="LAPTOP-24E6EFHK" failures="0" tests="7" name="SignIn-Test" time="1.398" errors="0" timestamp="2024-02-17T14:47:43 IST">
  <testcase classname="com.myframework.testcases.signin_singup.VerifyUserSingIn" name="@BeforeClass beforeClass" time="-1.708161461838E9">
    <failure type="org.testng.TestNGException" message="
Parameter &amp;apos;browser&amp;apos; is required by BeforeClass on method beforeClass but has not been marked @Optional or defined
in C:\Users\Shrikant\IdeaProjects\MyFrameWork\parallel-execution-testng.xml">
      <![CDATA[org.testng.TestNGException: 
Parameter 'browser' is required by BeforeClass on method beforeClass but has not been marked @Optional or defined
in C:\Users\Shrikant\IdeaProjects\MyFrameWork\parallel-execution-testng.xml
at java.base/java.util.ArrayList.forEach(ArrayList.java:1541)
at java.base/java.util.concurrent.FutureTask.run(FutureTask.java:264)
at java.base/java.util.concurrent.ThreadPoolExecutor.runWorker(ThreadPoolExecutor.java:1128)
at java.base/java.util.concurrent.ThreadPoolExecutor$Worker.run(ThreadPoolExecutor.java:628)
at java.base/java.lang.Thread.run(Thread.java:834)
... Removed 13 stack frames]]>
    </failure>
  </testcase> <!-- @BeforeClass beforeClass -->
  <testcase classname="com.myframework.testcases.signin_singup.VerifyUserSingIn" name="@AfterClass afterClass" time="-1.708161463223E9">
    <skipped/>
  </testcase> <!-- @AfterClass afterClass -->
  <testcase classname="com.myframework.testcases.signin_singup.VerifyUserSingIn" name="verifySignInBtnIsVisible" time="0.0">
    <skipped/>
  </testcase> <!-- verifySignInBtnIsVisible -->
  <testcase classname="com.myframework.testcases.signin_singup.VerifyUserSingIn" name="verifySignInBtnIsClickable" time="0.0">
    <skipped/>
  </testcase> <!-- verifySignInBtnIsClickable -->
  <testcase classname="com.myframework.testcases.signin_singup.VerifyUserSingIn" name="verifyUserTapOnSignInBtn" time="0.0">
    <skipped/>
  </testcase> <!-- verifyUserTapOnSignInBtn -->
  <testcase classname="com.myframework.testcases.signin_singup.VerifyUserSingIn" name="verifyInvalidUserLogin" time="0.0">
    <skipped/>
  </testcase> <!-- verifyInvalidUserLogin -->
  <testcase classname="com.myframework.testcases.signin_singup.VerifyUserSingIn" name="verifyInvalidUserLogin" time="0.0">
    <skipped/>
  </testcase> <!-- verifyInvalidUserLogin -->
  <testcase classname="com.myframework.testcases.signin_singup.VerifyUserSingIn" name="verifyValidUserLogin" time="0.0">
    <skipped/>
  </testcase> <!-- verifyValidUserLogin -->
  <testcase classname="com.myframework.testcases.signin_singup.VerifyUserSingIn" name="verifyUserSignOut" time="0.0">
    <skipped/>
  </testcase> <!-- verifyUserSignOut -->
</testsuite> <!-- SignIn-Test -->
